<?xml version="1.0" encoding="UTF-8"?>
<!-- Generated by org.testng.reporters.JUnitReportReporter -->
<testsuite hostname="DESKTOP-9FL00AT" failures="0" tests="1" name="testng.Ajio" time="21.727" errors="0" timestamp="2024-10-18T13:55:11 IST" skipped="0">
  <testcase classname="testng.Ajio" name="launch" time="21.727"/>
  <system-out>
    <![CDATA[Ajio login successful]]>
  </system-out>
</testsuite> <!-- testng.Ajio -->
