<?xml version="1.0" encoding="UTF-8"?>
<!-- Generated by org.testng.reporters.JUnitReportReporter -->
<testsuite hostname="DESKTOP-9FL00AT" failures="0" tests="1" name="testng.Flipkart" time="20.269" errors="0" timestamp="2024-10-18T13:35:19 IST" skipped="0">
  <testcase classname="testng.Flipkart" name="launch" time="20.269"/>
  <system-out>
    <![CDATA[Flipkart login successful]]>
  </system-out>
</testsuite> <!-- testng.Flipkart -->
