<?xml version="1.0" encoding="UTF-8"?>
<!-- Generated by org.testng.reporters.JUnitReportReporter -->
<testsuite hostname="DESKTOP-9FL00AT" failures="0" tests="1" name="testng.ToLearnTestNG" time="0.036" errors="0" timestamp="2024-10-17T12:40:09 IST" skipped="0">
  <testcase classname="testng.ToLearnTestNG" name="demo" time="0.036"/>
  <system-out>
    <![CDATA[Welcome to advance selenium]]>
  </system-out>
</testsuite> <!-- testng.ToLearnTestNG -->
