<?xml version="1.0" encoding="UTF-8"?>
<!-- Generated by org.testng.reporters.JUnitReportReporter -->
<testsuite hostname="DESKTOP-9FL00AT" failures="0" tests="1" name="testng.Amazon" time="5.155" errors="0" timestamp="2024-10-18T13:55:11 IST" skipped="0">
  <testcase classname="testng.Amazon" name="launch" time="5.155"/>
  <system-out>
    <![CDATA[Amazon registring successful]]>
  </system-out>
</testsuite> <!-- testng.Amazon -->
