<?xml version="1.0" encoding="UTF-8"?>
<!-- Generated by org.testng.reporters.JUnitReportReporter -->
<testsuite hostname="DESKTOP-9FL00AT" failures="0" tests="1" name="testng.Myntra" time="40.793" errors="0" timestamp="2024-10-18T13:35:19 IST" skipped="0">
  <testcase classname="testng.Myntra" name="launch" time="40.793"/>
  <system-out>
    <![CDATA[Myntra login successful]]>
  </system-out>
</testsuite> <!-- testng.Myntra -->
