<?xml version="1.0" encoding="UTF-8"?>
<!-- Generated by org.testng.reporters.JUnitReportReporter -->
<testsuite hostname="DESKTOP-9FL00AT" failures="0" tests="1" name="CrossBrowsertesting.CrossBroserTesting" time="15.490" errors="0" timestamp="2024-10-25T13:41:22 IST" skipped="0">
  <testcase classname="CrossBrowsertesting.CrossBroserTesting" name="launch" time="15.490"/>
  <system-out/>
</testsuite> <!-- CrossBrowsertesting.CrossBroserTesting -->
