<?xml version="1.0" encoding="UTF-8"?>
<!-- Generated by org.testng.reporters.JUnitReportReporter -->
<testsuite hostname="DESKTOP-9FL00AT" failures="0" tests="3" name="testng.AnnotationAttributes" time="40.221" errors="0" timestamp="2024-10-17T13:58:01 IST" skipped="1">
  <testcase classname="testng.AnnotationAttributes" name="login" time="21.125"/>
  <system-out>
    <![CDATA[Login is successful]]>
  </system-out>
  <testcase classname="testng.AnnotationAttributes" name="login" time="19.096"/>
  <system-out>
    <![CDATA[Login is successful]]>
  </system-out>
  <testcase classname="testng.AnnotationAttributes" name="register">
    <skipped/>
  </testcase> <!-- register -->
  <system-out/>
</testsuite> <!-- testng.AnnotationAttributes -->
