<?xml version="1.0" encoding="UTF-8"?>
<!-- Generated by org.testng.reporters.JUnitReportReporter -->
<testsuite hostname="DESKTOP-9FL00AT" failures="0" tests="3" name="testng.SkillArrayTS" time="18.117" errors="0" timestamp="2024-10-26T08:23:17 IST" skipped="0">
  <testcase classname="testng.SkillArrayTS" name="sales" time="4.905"/>
  <system-out>
    <![CDATA[Sales page is displayed]]>
  </system-out>
  <testcase classname="testng.SkillArrayTS" name="sales" time="8.268"/>
  <system-out>
    <![CDATA[Sales page is displayed]]>
  </system-out>
  <testcase classname="testng.SkillArrayTS" name="sales" time="4.944"/>
  <system-out>
    <![CDATA[Sales page is displayed]]>
  </system-out>
</testsuite> <!-- testng.SkillArrayTS -->
