<?xml version="1.0" encoding="UTF-8"?>
<!-- Generated by org.testng.reporters.JUnitReportReporter -->
<testsuite hostname="DESKTOP-9FL00AT" failures="0" tests="6" name="testng.Assig1" time="0.052" errors="0" timestamp="2024-10-17T19:14:09 IST" skipped="0">
  <testcase classname="testng.Assig1" name="createAccount" time="0.021"/>
  <system-out>
    <![CDATA[Executing from Create Account method]]>
  </system-out>
  <testcase classname="testng.Assig1" name="createAccount" time="0.003"/>
  <system-out>
    <![CDATA[Executing from Create Account method]]>
  </system-out>
  <testcase classname="testng.Assig1" name="editAccount" time="0.012"/>
  <system-out>
    <![CDATA[Executing from Edit Account method]]>
  </system-out>
  <testcase classname="testng.Assig1" name="editAccount" time="0.004"/>
  <system-out>
    <![CDATA[Executing from Edit Account method]]>
  </system-out>
  <testcase classname="testng.Assig1" name="editAccount" time="0.009"/>
  <system-out>
    <![CDATA[Executing from Edit Account method]]>
  </system-out>
  <testcase classname="testng.Assig1" name="deleteAccount" time="0.003"/>
  <system-out>
    <![CDATA[Executing from Delete Account method]]>
  </system-out>
</testsuite> <!-- testng.Assig1 -->
