<?xml version="1.0" encoding="UTF-8"?>
<!-- Generated by org.testng.reporters.JUnitReportReporter -->
<testsuite hostname="DESKTOP-9FL00AT" failures="0" tests="1" name="listeners.TestScript" time="0.021" errors="0" timestamp="2024-10-26T13:34:09 IST" skipped="0">
  <testcase classname="listeners.TestScript" name="login" time="0.021"/>
  <system-out>
    <![CDATA[launch the browser
navigate to url
click on login link
enter valid credentials
click on login button
Test script passed]]>
  </system-out>
</testsuite> <!-- listeners.TestScript -->
