<?xml version="1.0" encoding="UTF-8"?>
<!-- Generated by org.testng.reporters.JUnitReportReporter -->
<testsuite hostname="DESKTOP-9FL00AT" failures="0" tests="1" name="assertaions.JavaCondition" time="78.908" errors="0" timestamp="2024-10-23T13:23:06 IST" skipped="0">
  <testcase classname="assertaions.JavaCondition" name="login" time="78.908"/>
  <system-out>
    <![CDATA[Welcome page is displayed
Login page is displayed
Home page is displayed]]>
  </system-out>
</testsuite> <!-- assertaions.JavaCondition -->
