<?xml version="1.0" encoding="UTF-8"?>
<!-- Generated by org.testng.reporters.JUnitReportReporter -->
<testsuite hostname="DESKTOP-9FL00AT" failures="0" tests="3" name="testng.ExecutionSample" time="0.032" errors="0" timestamp="2024-10-17T12:59:18 IST" skipped="0">
  <testcase classname="testng.ExecutionSample" name="sample" time="0.003"/>
  <system-out>
    <![CDATA[Sample testcase Ececutaion]]>
  </system-out>
  <testcase classname="testng.ExecutionSample" name="add" time="0.023"/>
  <system-out>
    <![CDATA[Add testcase execution]]>
  </system-out>
  <testcase classname="testng.ExecutionSample" name="demo" time="0.006"/>
  <system-out>
    <![CDATA[Demo testcase execution]]>
  </system-out>
</testsuite> <!-- testng.ExecutionSample -->
