<?xml version="1.0" encoding="UTF-8"?>
<!-- Generated by org.testng.reporters.JUnitReportReporter -->
<testsuite hostname="DESKTOP-9FL00AT" failures="0" tests="1" name="listeners.ListenerTestscript" time="2.380" errors="0" timestamp="2024-10-28T13:34:25 IST" skipped="0">
  <testcase classname="listeners.ListenerTestscript" name="login" time="2.380"/>
  <system-out>
    <![CDATA[click on login link
enter valid credintials
click on login button
Verify home page displayed or not
Home page is displayed
Login success]]>
  </system-out>
</testsuite> <!-- listeners.ListenerTestscript -->
