<?xml version="1.0" encoding="UTF-8"?>
<!-- Generated by org.testng.reporters.JUnitReportReporter -->
<testsuite hostname="DESKTOP-9FL00AT" failures="0" tests="3" name="testng.WebShopTS" time="15.527" errors="0" timestamp="2024-10-26T08:24:09 IST" skipped="0">
  <testcase classname="testng.WebShopTS" name="clickOnBooks" time="5.147"/>
  <system-out>
    <![CDATA[Books page is displayed]]>
  </system-out>
  <testcase classname="testng.WebShopTS" name="clickOnBooks" time="5.120"/>
  <system-out>
    <![CDATA[Books page is displayed]]>
  </system-out>
  <testcase classname="testng.WebShopTS" name="clickOnBooks" time="5.260"/>
  <system-out>
    <![CDATA[Books page is displayed]]>
  </system-out>
</testsuite> <!-- testng.WebShopTS -->
