<?xml version="1.0" encoding="UTF-8"?>
<!-- Generated by org.testng.reporters.JUnitReportReporter -->
<testsuite hostname="DESKTOP-9FL00AT" failures="0" tests="1" name="assertaions.SoftAsserts" time="14.348" errors="0" timestamp="2024-10-23T13:55:21 IST" skipped="0">
  <testcase classname="assertaions.SoftAsserts" name="login" time="14.348"/>
  <system-out>
    <![CDATA[welcome page is displayed
login page is displayed
Home page is displayed]]>
  </system-out>
</testsuite> <!-- assertaions.SoftAsserts -->
